  image.cpp
image.cpp(152): error C2664: 'HANDLE LoadImageW(HINSTANCE,LPCWSTR,UINT,int,int,UINT)': 인수 2을(를) 'const char *'에서 'LPCWSTR'(으)로 변환할 수 없습니다.
  image.cpp(152): note: 가리킨 형식이 관련이 없습니다. 변환하려면 reinterpret_cast, C 스타일 캐스트 또는 함수 스타일 캐스트가 필요합니다.
image.cpp(166): warning C4010: 한 줄로 된 주석에 줄 연속 문자가 있습니다.
image.cpp(167): warning C4010: 한 줄로 된 주석에 줄 연속 문자가 있습니다.
image.cpp(209): error C2664: 'HANDLE LoadImageW(HINSTANCE,LPCWSTR,UINT,int,int,UINT)': 인수 2을(를) 'const char *'에서 'LPCWSTR'(으)로 변환할 수 없습니다.
  image.cpp(209): note: 가리킨 형식이 관련이 없습니다. 변환하려면 reinterpret_cast, C 스타일 캐스트 또는 함수 스타일 캐스트가 필요합니다.
image.cpp(263): error C2664: 'HANDLE LoadImageW(HINSTANCE,LPCWSTR,UINT,int,int,UINT)': 인수 2을(를) 'const char *'에서 'LPCWSTR'(으)로 변환할 수 없습니다.
  image.cpp(263): note: 가리킨 형식이 관련이 없습니다. 변환하려면 reinterpret_cast, C 스타일 캐스트 또는 함수 스타일 캐스트가 필요합니다.
image.cpp(317): error C2664: 'HANDLE LoadImageW(HINSTANCE,LPCWSTR,UINT,int,int,UINT)': 인수 2을(를) 'const char *'에서 'LPCWSTR'(으)로 변환할 수 없습니다.
  image.cpp(317): note: 가리킨 형식이 관련이 없습니다. 변환하려면 reinterpret_cast, C 스타일 캐스트 또는 함수 스타일 캐스트가 필요합니다.
image.cpp(424): warning C4244: '인수': 'float'에서 'int'(으)로 변환하면서 데이터가 손실될 수 있습니다.
image.cpp(437): warning C4244: '인수': 'float'에서 'int'(으)로 변환하면서 데이터가 손실될 수 있습니다.
  timeManager.cpp
  timer.cpp
timer.cpp(95): error C2664: 'int wsprintfW(LPWSTR,LPCWSTR,...)': 인수 1을(를) 'char *'에서 'LPWSTR'(으)로 변환할 수 없습니다.
  timer.cpp(95): note: 가리킨 형식이 관련이 없습니다. 변환하려면 reinterpret_cast, C 스타일 캐스트 또는 함수 스타일 캐스트가 필요합니다.
  txtData.cpp
txtData.cpp(35): error C2664: 'HANDLE CreateFileW(LPCWSTR,DWORD,DWORD,LPSECURITY_ATTRIBUTES,DWORD,DWORD,HANDLE)': 인수 1을(를) 'const char *'에서 'LPCWSTR'(으)로 변환할 수 없습니다.
  txtData.cpp(35): note: 가리킨 형식이 관련이 없습니다. 변환하려면 reinterpret_cast, C 스타일 캐스트 또는 함수 스타일 캐스트가 필요합니다.
txtData.cpp(50): warning C4018: '<': signed 또는 unsigned가 일치하지 않습니다.
txtData.cpp(53): warning C4018: '<': signed 또는 unsigned가 일치하지 않습니다.
txtData.cpp(70): error C2664: 'HANDLE CreateFileW(LPCWSTR,DWORD,DWORD,LPSECURITY_ATTRIBUTES,DWORD,DWORD,HANDLE)': 인수 1을(를) 'const char *'에서 'LPCWSTR'(으)로 변환할 수 없습니다.
  txtData.cpp(70): note: 가리킨 형식이 관련이 없습니다. 변환하려면 reinterpret_cast, C 스타일 캐스트 또는 함수 스타일 캐스트가 필요합니다.
  utils.cpp
utils.cpp(23): error C2664: 'HFONT CreateFontW(int,int,int,int,int,DWORD,DWORD,DWORD,DWORD,DWORD,DWORD,DWORD,DWORD,LPCWSTR)': 인수 14을(를) 'LPCSTR'에서 'LPCWSTR'(으)로 변환할 수 없습니다.
  utils.cpp(23): note: 가리킨 형식이 관련이 없습니다. 변환하려면 reinterpret_cast, C 스타일 캐스트 또는 함수 스타일 캐스트가 필요합니다.
utils.cpp(27): error C2664: 'BOOL TextOutW(HDC,int,int,LPCWSTR,int)': 인수 4을(를) 'LPCSTR'에서 'LPCWSTR'(으)로 변환할 수 없습니다.
  utils.cpp(27): note: 가리킨 형식이 관련이 없습니다. 변환하려면 reinterpret_cast, C 스타일 캐스트 또는 함수 스타일 캐스트가 필요합니다.
utils.cpp(35): error C2664: 'HFONT CreateFontW(int,int,int,int,int,DWORD,DWORD,DWORD,DWORD,DWORD,DWORD,DWORD,DWORD,LPCWSTR)': 인수 14을(를) 'LPCSTR'에서 'LPCWSTR'(으)로 변환할 수 없습니다.
  utils.cpp(35): note: 가리킨 형식이 관련이 없습니다. 변환하려면 reinterpret_cast, C 스타일 캐스트 또는 함수 스타일 캐스트가 필요합니다.
utils.cpp(47): error C2664: 'int DrawTextW(HDC,LPCWSTR,int,LPRECT,UINT)': 인수 2을(를) 'LPCSTR'에서 'LPCWSTR'(으)로 변환할 수 없습니다.
  utils.cpp(47): note: 가리킨 형식이 관련이 없습니다. 변환하려면 reinterpret_cast, C 스타일 캐스트 또는 함수 스타일 캐스트가 필요합니다.
utils.cpp(57): error C2664: 'BOOL TextOutW(HDC,int,int,LPCWSTR,int)': 인수 4을(를) 'char [32]'에서 'LPCWSTR'(으)로 변환할 수 없습니다.
  utils.cpp(57): note: 가리킨 형식이 관련이 없습니다. 변환하려면 reinterpret_cast, C 스타일 캐스트 또는 함수 스타일 캐스트가 필요합니다.
utils.cpp(249): warning C4244: '=': 'float'에서 'LONG'(으)로 변환하면서 데이터가 손실될 수 있습니다.
utils.cpp(250): warning C4244: '=': 'float'에서 'LONG'(으)로 변환하면서 데이터가 손실될 수 있습니다.
utils.cpp(251): warning C4244: '=': 'float'에서 'LONG'(으)로 변환하면서 데이터가 손실될 수 있습니다.
utils.cpp(252): warning C4244: '=': 'float'에서 'LONG'(으)로 변환하면서 데이터가 손실될 수 있습니다.
